[debug] [2023-06-03T07:48:10.392Z] ----------------------------------------------------------------------
[debug] [2023-06-03T07:48:10.394Z] Command:       C:\Program Files\nodejs\node.exe C:\Users\wiele\AppData\Roaming\npm\node_modules\firebase-tools\lib\bin\firebase.js deploy
[debug] [2023-06-03T07:48:10.394Z] CLI Version:   12.3.0
[debug] [2023-06-03T07:48:10.394Z] Platform:      win32
[debug] [2023-06-03T07:48:10.394Z] Node Version:  v18.14.1
[debug] [2023-06-03T07:48:10.395Z] Time:          Sat Jun 03 2023 09:48:10 GMT+0200 (Central European Summer Time)
[debug] [2023-06-03T07:48:10.395Z] ----------------------------------------------------------------------
[debug] 
[debug] [2023-06-03T07:48:10.458Z] > command requires scopes: ["email","openid","https://www.googleapis.com/auth/cloudplatformprojects.readonly","https://www.googleapis.com/auth/firebase","https://www.googleapis.com/auth/cloud-platform"]
[debug] [2023-06-03T07:48:10.458Z] > authorizing via signed-in user (filip.wielechowski@gmail.com)
[debug] [2023-06-03T07:48:10.458Z] [iam] checking project wielechowski-me for permissions ["firebase.projects.get","firebasehosting.sites.update"]
[debug] [2023-06-03T07:48:10.460Z] > refreshing access token with scopes: []
[debug] [2023-06-03T07:48:10.461Z] >>> [apiv2][query] POST https://www.googleapis.com/oauth2/v3/token [none]
[debug] [2023-06-03T07:48:10.461Z] >>> [apiv2][body] POST https://www.googleapis.com/oauth2/v3/token [omitted]
[debug] [2023-06-03T07:48:10.670Z] <<< [apiv2][status] POST https://www.googleapis.com/oauth2/v3/token 200
[debug] [2023-06-03T07:48:10.670Z] <<< [apiv2][body] POST https://www.googleapis.com/oauth2/v3/token [omitted]
[debug] [2023-06-03T07:48:10.675Z] >>> [apiv2][query] POST https://cloudresourcemanager.googleapis.com/v1/projects/wielechowski-me:testIamPermissions [none]
[debug] [2023-06-03T07:48:10.675Z] >>> [apiv2][(partial)header] POST https://cloudresourcemanager.googleapis.com/v1/projects/wielechowski-me:testIamPermissions x-goog-quota-user=projects/wielechowski-me
[debug] [2023-06-03T07:48:10.676Z] >>> [apiv2][body] POST https://cloudresourcemanager.googleapis.com/v1/projects/wielechowski-me:testIamPermissions {"permissions":["firebase.projects.get","firebasehosting.sites.update"]}
[debug] [2023-06-03T07:48:11.533Z] <<< [apiv2][status] POST https://cloudresourcemanager.googleapis.com/v1/projects/wielechowski-me:testIamPermissions 200
[debug] [2023-06-03T07:48:11.533Z] <<< [apiv2][body] POST https://cloudresourcemanager.googleapis.com/v1/projects/wielechowski-me:testIamPermissions {"permissions":["firebase.projects.get","firebasehosting.sites.update"]}
[debug] [2023-06-03T07:48:11.534Z] >>> [apiv2][query] GET https://firebase.googleapis.com/v1beta1/projects/wielechowski-me [none]
[debug] [2023-06-03T07:48:11.878Z] <<< [apiv2][status] GET https://firebase.googleapis.com/v1beta1/projects/wielechowski-me 200
[debug] [2023-06-03T07:48:11.878Z] <<< [apiv2][body] GET https://firebase.googleapis.com/v1beta1/projects/wielechowski-me {"projectId":"wielechowski-me","projectNumber":"130343015658","displayName":"wielechowski-me","name":"projects/wielechowski-me","resources":{"hostingSite":"wielechowski-me"},"state":"ACTIVE","etag":"1_ed9f5426-8992-41d1-8bf3-8eebe64848e5"}
[info] 
   Thank you for trying our early preview of Next.js support on Firebase Hosting.
   During the preview, support is best-effort and breaking changes can be expected. Proceed with caution.

   Documentation: https://firebase.google.com/docs/hosting/frameworks/nextjs
   File a bug: https://github.com/firebase/firebase-tools/issues/new?template=bug_report.md
   Submit a feature request: https://github.com/firebase/firebase-tools/issues/new?template=feature_request.md

   We'd love to learn from you. Express your interest in helping us shape the future of Firebase Hosting: https://goo.gle/41enW5X

